#
# There is insufficient memory for the Java Runtime Environment to continue.
# Native memory allocation (malloc) failed to allocate 86784 bytes for Chunk::new
# Possible reasons:
#   The system is out of physical RAM or swap space
#   The process is running with CompressedOops enabled, and the Java Heap may be blocking the growth of the native heap
# Possible solutions:
#   Reduce memory load on the system
#   Increase physical memory or swap space
#   Check if swap backing store is full
#   Decrease Java heap size (-Xmx/-Xms)
#   Decrease number of Java threads
#   Decrease Java thread stack sizes (-Xss)
#   Set larger code cache with -XX:ReservedCodeCacheSize=
#   JVM is running with Zero Based Compressed Oops mode in which the Java heap is
#     placed in the first 32GB address space. The Java Heap base address is the
#     maximum limit for the native heap growth. Please use -XX:HeapBaseMinAddress
#     to set the Java Heap base and to place the Java Heap above 32GB virtual address.
# This output file may be truncated or incomplete.
#
#  Out of Memory Error (arena.cpp:166), pid=17060, tid=8732
#
# JRE version: Java(TM) SE Runtime Environment (21.0+35) (build 21+35-LTS-2513)
# Java VM: Java HotSpot(TM) 64-Bit Server VM (21+35-LTS-2513, mixed mode, sharing, tiered, compressed oops, compressed class ptrs, g1 gc, windows-amd64)
# No core dump will be written. Minidumps are not enabled by default on client versions of Windows
#

---------------  S U M M A R Y ------------

Command Line: -javaagent:C:\Program Files\JetBrains\IntelliJ IDEA Community Edition 2025.1\lib\idea_rt.jar=59144 -Dfile.encoding=UTF-8 -Dsun.stdout.encoding=UTF-8 -Dsun.stderr.encoding=UTF-8 divermindcenterterapia.divermindcenter.DivermindcenterApplication

Host: Intel(R) Core(TM) i3-1005G1 CPU @ 1.20GHz, 4 cores, 11G,  Windows 11 , 64 bit Build 26100 (10.0.26100.3912)
Time: Tue May 13 16:49:26 2025 Hora est. Sudamérica Pacífico elapsed time: 2612.709604 seconds (0d 0h 43m 32s)

---------------  T H R E A D  ---------------

Current thread (0x0000021af4b74940):  JavaThread "C2 CompilerThread0" daemon [_thread_in_native, id=8732, stack(0x00000092fd100000,0x00000092fd200000) (1024K)]


Current CompileTask:
C2:2612710 7339       4       java.util.AbstractCollection::containsAll (38 bytes)

Stack: [0x00000092fd100000,0x00000092fd200000]
Native frames: (J=compiled Java code, j=interpreted, Vv=VM code, C=native code)
V  [jvm.dll+0x6c8d39]
V  [jvm.dll+0x854091]
V  [jvm.dll+0x85630e]
V  [jvm.dll+0x8569e3]
V  [jvm.dll+0x2809a6]
V  [jvm.dll+0xc3e6d]
V  [jvm.dll+0xc4383]
V  [jvm.dll+0x3b551c]
V  [jvm.dll+0x1e1a2b]
V  [jvm.dll+0x249952]
V  [jvm.dll+0x248de1]
V  [jvm.dll+0x1c9b91]
V  [jvm.dll+0x2583e9]
V  [jvm.dll+0x2569ca]
V  [jvm.dll+0x3eef66]
V  [jvm.dll+0x7fd2c8]
V  [jvm.dll+0x6c748d]
C  [ucrtbase.dll+0x37b0]
C  [KERNEL32.DLL+0x2e8d7]
C  [ntdll.dll+0x9c5dc]


---------------  P R O C E S S  ---------------

Threads class SMR info:
_java_thread_list=0x0000021afa4b33d0, length=31, elements={
0x0000021af4b5d4f0, 0x0000021af4b5de50, 0x0000021af4b69170, 0x0000021af4b6d8e0,
0x0000021af4b6e170, 0x0000021af4b73a20, 0x0000021af4b74940, 0x0000021af4b96020,
0x0000021af4bde8b0, 0x0000021af92e8a30, 0x0000021af93fca60, 0x0000021afa9b7ea0,
0x0000021afb9a5060, 0x0000021afb8ddd00, 0x0000021afc253270, 0x0000021afc253f90,
0x0000021afc254620, 0x0000021afc254cb0, 0x0000021afc253900, 0x0000021afc255340,
0x0000021afc251ec0, 0x0000021afc252be0, 0x0000021afc8e33d0, 0x0000021afc8e3a60,
0x0000021afc8e40f0, 0x0000021afc8e54a0, 0x0000021afc8e4780, 0x0000021afc8e4e10,
0x0000021afc8e5b30, 0x0000021afc8e61c0, 0x0000021afc8e2d40
}

Java Threads: ( => current thread )
  0x0000021af4b5d4f0 JavaThread "Reference Handler"          daemon [_thread_blocked, id=20796, stack(0x00000092fcb00000,0x00000092fcc00000) (1024K)]
  0x0000021af4b5de50 JavaThread "Finalizer"                  daemon [_thread_blocked, id=2496, stack(0x00000092fcc00000,0x00000092fcd00000) (1024K)]
  0x0000021af4b69170 JavaThread "Signal Dispatcher"          daemon [_thread_blocked, id=18104, stack(0x00000092fcd00000,0x00000092fce00000) (1024K)]
  0x0000021af4b6d8e0 JavaThread "Attach Listener"            daemon [_thread_blocked, id=23792, stack(0x00000092fce00000,0x00000092fcf00000) (1024K)]
  0x0000021af4b6e170 JavaThread "Service Thread"             daemon [_thread_blocked, id=23980, stack(0x00000092fcf00000,0x00000092fd000000) (1024K)]
  0x0000021af4b73a20 JavaThread "Monitor Deflation Thread"   daemon [_thread_blocked, id=20760, stack(0x00000092fd000000,0x00000092fd100000) (1024K)]
=>0x0000021af4b74940 JavaThread "C2 CompilerThread0"         daemon [_thread_in_native, id=8732, stack(0x00000092fd100000,0x00000092fd200000) (1024K)]
  0x0000021af4b96020 JavaThread "C1 CompilerThread0"         daemon [_thread_blocked, id=9744, stack(0x00000092fd200000,0x00000092fd300000) (1024K)]
  0x0000021af4bde8b0 JavaThread "Common-Cleaner"             daemon [_thread_blocked, id=17164, stack(0x00000092fd300000,0x00000092fd400000) (1024K)]
  0x0000021af92e8a30 JavaThread "Monitor Ctrl-Break"         daemon [_thread_in_native, id=3772, stack(0x00000092fd500000,0x00000092fd600000) (1024K)]
  0x0000021af93fca60 JavaThread "Notification Thread"        daemon [_thread_blocked, id=14540, stack(0x00000092fd600000,0x00000092fd700000) (1024K)]
  0x0000021afa9b7ea0 JavaThread "Catalina-utility-1"                [_thread_blocked, id=19304, stack(0x00000092fdc00000,0x00000092fdd00000) (1024K)]
  0x0000021afb9a5060 JavaThread "Catalina-utility-2"                [_thread_blocked, id=20688, stack(0x00000092fdd00000,0x00000092fde00000) (1024K)]
  0x0000021afb8ddd00 JavaThread "container-0"                       [_thread_blocked, id=14948, stack(0x00000092fde00000,0x00000092fdf00000) (1024K)]
  0x0000021afc253270 JavaThread "mysql-cj-abandoned-connection-cleanup" daemon [_thread_blocked, id=15716, stack(0x00000092fdf00000,0x00000092fe000000) (1024K)]
  0x0000021afc253f90 JavaThread "HikariPool-1 housekeeper"   daemon [_thread_blocked, id=22936, stack(0x00000092fe100000,0x00000092fe200000) (1024K)]
  0x0000021afc254620 JavaThread "File Watcher"               daemon [_thread_blocked, id=2272, stack(0x00000092fe300000,0x00000092fe400000) (1024K)]
  0x0000021afc254cb0 JavaThread "Live Reload Server"         daemon [_thread_in_native, id=4828, stack(0x00000092fe500000,0x00000092fe600000) (1024K)]
  0x0000021afc253900 JavaThread "http-nio-8080-exec-1"       daemon [_thread_blocked, id=16292, stack(0x00000092fe400000,0x00000092fe500000) (1024K)]
  0x0000021afc255340 JavaThread "http-nio-8080-exec-2"       daemon [_thread_blocked, id=12120, stack(0x00000092fe600000,0x00000092fe700000) (1024K)]
  0x0000021afc251ec0 JavaThread "http-nio-8080-exec-3"       daemon [_thread_blocked, id=13468, stack(0x00000092fe700000,0x00000092fe800000) (1024K)]
  0x0000021afc252be0 JavaThread "http-nio-8080-exec-4"       daemon [_thread_blocked, id=22904, stack(0x00000092fe800000,0x00000092fe900000) (1024K)]
  0x0000021afc8e33d0 JavaThread "http-nio-8080-exec-5"       daemon [_thread_blocked, id=3864, stack(0x00000092fe900000,0x00000092fea00000) (1024K)]
  0x0000021afc8e3a60 JavaThread "http-nio-8080-exec-6"       daemon [_thread_blocked, id=20332, stack(0x00000092fea00000,0x00000092feb00000) (1024K)]
  0x0000021afc8e40f0 JavaThread "http-nio-8080-exec-7"       daemon [_thread_blocked, id=10828, stack(0x00000092feb00000,0x00000092fec00000) (1024K)]
  0x0000021afc8e54a0 JavaThread "http-nio-8080-exec-8"       daemon [_thread_blocked, id=16144, stack(0x00000092fec00000,0x00000092fed00000) (1024K)]
  0x0000021afc8e4780 JavaThread "http-nio-8080-exec-9"       daemon [_thread_blocked, id=15076, stack(0x00000092fed00000,0x00000092fee00000) (1024K)]
  0x0000021afc8e4e10 JavaThread "http-nio-8080-exec-10"      daemon [_thread_blocked, id=19832, stack(0x00000092fee00000,0x00000092fef00000) (1024K)]
  0x0000021afc8e5b30 JavaThread "http-nio-8080-Poller"       daemon [_thread_in_native, id=23952, stack(0x00000092fef00000,0x00000092ff000000) (1024K)]
  0x0000021afc8e61c0 JavaThread "http-nio-8080-Acceptor"     daemon [_thread_in_native, id=12600, stack(0x00000092ff000000,0x00000092ff100000) (1024K)]
  0x0000021afc8e2d40 JavaThread "DestroyJavaVM"                     [_thread_blocked, id=20412, stack(0x00000092fc300000,0x00000092fc400000) (1024K)]
Total: 31

Other Threads:
  0x0000021af4b405b0 VMThread "VM Thread"                           [id=23672, stack(0x00000092fca00000,0x00000092fcb00000) (1024K)]
  0x0000021af4b29fa0 WatcherThread "VM Periodic Task Thread"        [id=20316, stack(0x00000092fc900000,0x00000092fca00000) (1024K)]
  0x0000021ad7905dd0 WorkerThread "GC Thread#0"                     [id=15652, stack(0x00000092fc400000,0x00000092fc500000) (1024K)]
  0x0000021af96e2360 WorkerThread "GC Thread#1"                     [id=22636, stack(0x00000092fd700000,0x00000092fd800000) (1024K)]
  0x0000021af96e6dd0 WorkerThread "GC Thread#2"                     [id=22472, stack(0x00000092fd800000,0x00000092fd900000) (1024K)]
  0x0000021af96e7170 WorkerThread "GC Thread#3"                     [id=22132, stack(0x00000092fd900000,0x00000092fda00000) (1024K)]
  0x0000021ad79139c0 ConcurrentGCThread "G1 Main Marker"            [id=11936, stack(0x00000092fc500000,0x00000092fc600000) (1024K)]
  0x0000021ad79144c0 WorkerThread "G1 Conc#0"                       [id=19920, stack(0x00000092fc600000,0x00000092fc700000) (1024K)]
  0x0000021ad796e7d0 ConcurrentGCThread "G1 Refine#0"               [id=17452, stack(0x00000092fc700000,0x00000092fc800000) (1024K)]
  0x0000021af49f40b0 ConcurrentGCThread "G1 Service"                [id=12292, stack(0x00000092fc800000,0x00000092fc900000) (1024K)]
Total: 10

Threads with active compile tasks:
C2 CompilerThread0  2612745 7339       4       java.util.AbstractCollection::containsAll (38 bytes)
Total: 1

VM state: not at safepoint (normal execution)

VM Mutex/Monitor currently owned by a thread: None

Heap address: 0x0000000744000000, size: 3008 MB, Compressed Oops mode: Zero based, Oop shift amount: 3

CDS archive(s) mapped at: [0x0000021a80000000-0x0000021a80c90000-0x0000021a80c90000), size 13172736, SharedBaseAddress: 0x0000021a80000000, ArchiveRelocationMode: 1.
Compressed class space mapped at: 0x0000021a81000000-0x0000021ac1000000, reserved size: 1073741824
Narrow klass base: 0x0000021a80000000, Narrow klass shift: 0, Narrow klass range: 0x100000000

GC Precious Log:
 CardTable entry size: 512
 Card Set container configuration: InlinePtr #cards 4 size 8 Array Of Cards #cards 16 size 48 Howl #buckets 8 coarsen threshold 3686 Howl Bitmap #cards 512 size 80 coarsen threshold 460 Card regions per heap region 1 cards per card region 4096
 CPUs: 4 total, 4 available
 Memory: 12030M
 Large Page Support: Disabled
 NUMA Support: Disabled
 Compressed Oops: Enabled (Zero based)
 Heap Region Size: 2M
 Heap Min Capacity: 8M
 Heap Initial Capacity: 188M
 Heap Max Capacity: 3008M
 Pre-touch: Disabled
 Parallel Workers: 4
 Concurrent Workers: 1
 Concurrent Refinement Workers: 4
 Periodic GC: Disabled

Heap:
 garbage-first heap   total 67584K, used 43295K [0x0000000744000000, 0x0000000800000000)
  region size 2048K, 7 young (14336K), 1 survivors (2048K)
 Metaspace       used 75658K, committed 76416K, reserved 1179648K
  class space    used 10330K, committed 10688K, reserved 1048576K

Heap Regions: E=young(eden), S=young(survivor), O=old, HS=humongous(starts), HC=humongous(continues), CS=collection set, F=free, TAMS=top-at-mark-start, PB=parsable bottom
|   0|0x0000000744000000, 0x0000000744200000, 0x0000000744200000|100%| O|  |TAMS 0x0000000744000000| PB 0x0000000744000000| Untracked 
|   1|0x0000000744200000, 0x0000000744400000, 0x0000000744400000|100%| O|  |TAMS 0x0000000744200000| PB 0x0000000744200000| Untracked 
|   2|0x0000000744400000, 0x0000000744600000, 0x0000000744600000|100%| O|  |TAMS 0x0000000744400000| PB 0x0000000744400000| Untracked 
|   3|0x0000000744600000, 0x0000000744800000, 0x0000000744800000|100%| O|  |TAMS 0x0000000744600000| PB 0x0000000744600000| Untracked 
|   4|0x0000000744800000, 0x0000000744a00000, 0x0000000744a00000|100%| O|  |TAMS 0x0000000744800000| PB 0x0000000744800000| Untracked 
|   5|0x0000000744a00000, 0x0000000744c00000, 0x0000000744c00000|100%| O|  |TAMS 0x0000000744a00000| PB 0x0000000744a00000| Untracked 
|   6|0x0000000744c00000, 0x0000000744e00000, 0x0000000744e00000|100%| O|  |TAMS 0x0000000744c00000| PB 0x0000000744c00000| Untracked 
|   7|0x0000000744e00000, 0x0000000745000000, 0x0000000745000000|100%| O|  |TAMS 0x0000000744e00000| PB 0x0000000744e00000| Untracked 
|   8|0x0000000745000000, 0x0000000745200000, 0x0000000745200000|100%| O|  |TAMS 0x0000000745000000| PB 0x0000000745000000| Untracked 
|   9|0x0000000745200000, 0x0000000745345000, 0x0000000745400000| 63%| O|  |TAMS 0x0000000745200000| PB 0x0000000745200000| Untracked 
|  10|0x0000000745400000, 0x0000000745600000, 0x0000000745600000|100%| O|  |TAMS 0x0000000745400000| PB 0x0000000745400000| Untracked 
|  11|0x0000000745600000, 0x0000000745800000, 0x0000000745800000|100%| O|  |TAMS 0x0000000745600000| PB 0x0000000745600000| Untracked 
|  12|0x0000000745800000, 0x0000000745a00000, 0x0000000745a00000|100%| O|  |TAMS 0x0000000745800000| PB 0x0000000745800000| Untracked 
|  13|0x0000000745a00000, 0x0000000745a00000, 0x0000000745c00000|  0%| F|  |TAMS 0x0000000745a00000| PB 0x0000000745a00000| Untracked 
|  14|0x0000000745c00000, 0x0000000745e00000, 0x0000000745e00000|100%| O|  |TAMS 0x0000000745c00000| PB 0x0000000745c00000| Untracked 
|  15|0x0000000745e00000, 0x0000000746000000, 0x0000000746000000|100%| O|  |TAMS 0x0000000745e00000| PB 0x0000000745e00000| Untracked 
|  16|0x0000000746000000, 0x0000000746200000, 0x0000000746200000|100%| O|  |TAMS 0x0000000746000000| PB 0x0000000746000000| Untracked 
|  17|0x0000000746200000, 0x0000000746200000, 0x0000000746400000|  0%| F|  |TAMS 0x0000000746200000| PB 0x0000000746200000| Untracked 
|  18|0x0000000746400000, 0x0000000746400000, 0x0000000746600000|  0%| F|  |TAMS 0x0000000746400000| PB 0x0000000746400000| Untracked 
|  19|0x0000000746600000, 0x0000000746702e80, 0x0000000746800000| 50%| S|CS|TAMS 0x0000000746600000| PB 0x0000000746600000| Complete 
|  20|0x0000000746800000, 0x0000000746800000, 0x0000000746a00000|  0%| F|  |TAMS 0x0000000746800000| PB 0x0000000746800000| Untracked 
|  21|0x0000000746a00000, 0x0000000746a00000, 0x0000000746c00000|  0%| F|  |TAMS 0x0000000746a00000| PB 0x0000000746a00000| Untracked 
|  22|0x0000000746c00000, 0x0000000746c00000, 0x0000000746e00000|  0%| F|  |TAMS 0x0000000746c00000| PB 0x0000000746c00000| Untracked 
|  23|0x0000000746e00000, 0x0000000746e00000, 0x0000000747000000|  0%| F|  |TAMS 0x0000000746e00000| PB 0x0000000746e00000| Untracked 
|  24|0x0000000747000000, 0x0000000747000000, 0x0000000747200000|  0%| F|  |TAMS 0x0000000747000000| PB 0x0000000747000000| Untracked 
|  25|0x0000000747200000, 0x0000000747200000, 0x0000000747400000|  0%| F|  |TAMS 0x0000000747200000| PB 0x0000000747200000| Untracked 
|  26|0x0000000747400000, 0x0000000747400000, 0x0000000747600000|  0%| F|  |TAMS 0x0000000747400000| PB 0x0000000747400000| Untracked 
|  27|0x0000000747600000, 0x0000000747758888, 0x0000000747800000| 67%| E|  |TAMS 0x0000000747600000| PB 0x0000000747600000| Complete 
|  28|0x0000000747800000, 0x0000000747a00000, 0x0000000747a00000|100%| E|CS|TAMS 0x0000000747800000| PB 0x0000000747800000| Complete 
|  67|0x000000074c600000, 0x000000074c800000, 0x000000074c800000|100%| E|CS|TAMS 0x000000074c600000| PB 0x000000074c600000| Complete 
|  68|0x000000074c800000, 0x000000074ca00000, 0x000000074ca00000|100%| E|CS|TAMS 0x000000074c800000| PB 0x000000074c800000| Complete 
|  69|0x000000074ca00000, 0x000000074cc00000, 0x000000074cc00000|100%| E|CS|TAMS 0x000000074ca00000| PB 0x000000074ca00000| Complete 
|  70|0x000000074cc00000, 0x000000074ce00000, 0x000000074ce00000|100%| E|CS|TAMS 0x000000074cc00000| PB 0x000000074cc00000| Complete 

Card table byte_map: [0x0000021aef2e0000,0x0000021aef8c0000] _byte_map_base: 0x0000021aeb8c0000

Marking Bits: (CMBitMap*) 0x0000021ad79064d0
 Bits: [0x0000021aef8c0000, 0x0000021af27c0000)

Polling page: 0x0000021ad5770000

Metaspace:

Usage:
  Non-class:     63.80 MB used.
      Class:     10.09 MB used.
       Both:     73.89 MB used.

Virtual space:
  Non-class space:      128.00 MB reserved,      64.19 MB ( 50%) committed,  2 nodes.
      Class space:        1.00 GB reserved,      10.44 MB (  1%) committed,  1 nodes.
             Both:        1.12 GB reserved,      74.62 MB (  6%) committed. 

Chunk freelists:
   Non-Class:  15.70 MB
       Class:  5.47 MB
        Both:  21.17 MB

MaxMetaspaceSize: unlimited
CompressedClassSpaceSize: 1.00 GB
Initial GC threshold: 21.00 MB
Current GC threshold: 124.31 MB
CDS: on
 - commit_granule_bytes: 65536.
 - commit_granule_words: 8192.
 - virtual_space_node_default_size: 8388608.
 - enlarge_chunks_in_place: 1.
 - use_allocation_guard: 0.


Internal statistics:

num_allocs_failed_limit: 9.
num_arena_births: 1040.
num_arena_deaths: 4.
num_vsnodes_births: 3.
num_vsnodes_deaths: 0.
num_space_committed: 1194.
num_space_uncommitted: 0.
num_chunks_returned_to_freelist: 15.
num_chunks_taken_from_freelist: 3839.
num_chunk_merges: 6.
num_chunk_splits: 2764.
num_chunks_enlarged: 2173.
num_inconsistent_stats: 0.

CodeHeap 'non-profiled nmethods': size=120000Kb used=3067Kb max_used=4170Kb free=116932Kb
 bounds [0x0000021ae77d0000, 0x0000021ae7bf0000, 0x0000021aeed00000]
CodeHeap 'profiled nmethods': size=120000Kb used=8812Kb max_used=12151Kb free=111187Kb
 bounds [0x0000021adfd00000, 0x0000021ae08e0000, 0x0000021ae7230000]
CodeHeap 'non-nmethods': size=5760Kb used=1922Kb max_used=1950Kb free=3837Kb
 bounds [0x0000021ae7230000, 0x0000021ae74a0000, 0x0000021ae77d0000]
 total_blobs=5223 nmethods=4485 adapters=642
 compilation: enabled
              stopped_count=0, restarted_count=0
 full_count=0

Compilation events (20 events):
Event: 2558.596 Thread 0x0000021af4b74940 nmethod 7329 0x0000021ae77d0310 code [0x0000021ae77d04c0, 0x0000021ae77d0b50]
Event: 2565.357 Thread 0x0000021af4b96020 7330       3       org.apache.catalina.core.StandardServer$$Lambda/0x0000021a81484000::run (8 bytes)
Event: 2565.362 Thread 0x0000021af4b96020 nmethod 7330 0x0000021adfe8ec10 code [0x0000021adfe8edc0, 0x0000021adfe8f010]
Event: 2565.362 Thread 0x0000021af4b96020 7331       3       org.apache.catalina.core.StandardServer::lambda$startPeriodicLifecycleEvent$0 (9 bytes)
Event: 2565.362 Thread 0x0000021af4b96020 nmethod 7331 0x0000021adfde4290 code [0x0000021adfde4440, 0x0000021adfde4620]
Event: 2567.516 Thread 0x0000021af4b96020 7332       3       org.apache.catalina.core.ContainerBase$ContainerBackgroundProcessor::run (9 bytes)
Event: 2567.520 Thread 0x0000021af4b96020 nmethod 7332 0x0000021adfddbd90 code [0x0000021adfddbf40, 0x0000021adfddc0a0]
Event: 2567.520 Thread 0x0000021af4b96020 7333  s!   3       org.apache.catalina.core.StandardContext::backgroundProcess (203 bytes)
Event: 2567.534 Thread 0x0000021af4b96020 nmethod 7333 0x0000021adff37510 code [0x0000021adff37920, 0x0000021adff398d0]
Event: 2567.534 Thread 0x0000021af4b96020 7334   !   3       org.apache.catalina.loader.WebappLoader::backgroundProcess (68 bytes)
Event: 2567.537 Thread 0x0000021af4b96020 nmethod 7334 0x0000021adffab690 code [0x0000021adffab8e0, 0x0000021adffac360]
Event: 2570.546 Thread 0x0000021af4b74940 7335       4       java.util.concurrent.ConcurrentHashMap$KeySetView::iterator (34 bytes)
Event: 2570.556 Thread 0x0000021af4b74940 nmethod 7335 0x0000021ae7808110 code [0x0000021ae78082c0, 0x0000021ae7808790]
Event: 2594.000 Thread 0x0000021af4b74940 7336       4       java.io.File::isDirectory (34 bytes)
Event: 2594.025 Thread 0x0000021af4b74940 nmethod 7336 0x0000021ae77f1790 code [0x0000021ae77f1960, 0x0000021ae77f1d80]
Event: 2596.039 Thread 0x0000021af4b96020 7337       3       org.springframework.boot.devtools.filewatch.DirectorySnapshot::collectFiles (99 bytes)
Event: 2596.043 Thread 0x0000021af4b96020 nmethod 7337 0x0000021ae03fa090 code [0x0000021ae03fa360, 0x0000021ae03fb118]
Event: 2610.195 Thread 0x0000021af4b96020 7338       3       java.io.File::listFiles (52 bytes)
Event: 2610.195 Thread 0x0000021af4b96020 nmethod 7338 0x0000021adfd4a690 code [0x0000021adfd4a880, 0x0000021adfd4ae08]
Event: 2612.669 Thread 0x0000021af4b74940 7339       4       java.util.AbstractCollection::containsAll (38 bytes)

GC Heap History (20 events):
Event: 9.579 GC heap before
{Heap before GC invocations=17 (full 0):
 garbage-first heap   total 55296K, used 44801K [0x0000000744000000, 0x0000000800000000)
  region size 2048K, 10 young (20480K), 2 survivors (4096K)
 Metaspace       used 64840K, committed 65536K, reserved 1114112K
  class space    used 8863K, committed 9152K, reserved 1048576K
}
Event: 9.587 GC heap after
{Heap after GC invocations=18 (full 0):
 garbage-first heap   total 55296K, used 29079K [0x0000000744000000, 0x0000000800000000)
  region size 2048K, 2 young (4096K), 2 survivors (4096K)
 Metaspace       used 64840K, committed 65536K, reserved 1114112K
  class space    used 8863K, committed 9152K, reserved 1048576K
}
Event: 10.125 GC heap before
{Heap before GC invocations=18 (full 0):
 garbage-first heap   total 55296K, used 45463K [0x0000000744000000, 0x0000000800000000)
  region size 2048K, 10 young (20480K), 2 survivors (4096K)
 Metaspace       used 67155K, committed 67840K, reserved 1114112K
  class space    used 9175K, committed 9472K, reserved 1048576K
}
Event: 10.131 GC heap after
{Heap after GC invocations=19 (full 0):
 garbage-first heap   total 67584K, used 31151K [0x0000000744000000, 0x0000000800000000)
  region size 2048K, 2 young (4096K), 2 survivors (4096K)
 Metaspace       used 67155K, committed 67840K, reserved 1114112K
  class space    used 9175K, committed 9472K, reserved 1048576K
}
Event: 55.261 GC heap before
{Heap before GC invocations=20 (full 0):
 garbage-first heap   total 67584K, used 55727K [0x0000000744000000, 0x0000000800000000)
  region size 2048K, 14 young (28672K), 2 survivors (4096K)
 Metaspace       used 71412K, committed 72128K, reserved 1114112K
  class space    used 9770K, committed 10112K, reserved 1048576K
}
Event: 55.267 GC heap after
{Heap after GC invocations=21 (full 0):
 garbage-first heap   total 67584K, used 33359K [0x0000000744000000, 0x0000000800000000)
  region size 2048K, 2 young (4096K), 2 survivors (4096K)
 Metaspace       used 71412K, committed 72128K, reserved 1114112K
  class space    used 9770K, committed 10112K, reserved 1048576K
}
Event: 193.125 GC heap before
{Heap before GC invocations=21 (full 0):
 garbage-first heap   total 67584K, used 53839K [0x0000000744000000, 0x0000000800000000)
  region size 2048K, 13 young (26624K), 2 survivors (4096K)
 Metaspace       used 75512K, committed 76288K, reserved 1179648K
  class space    used 10322K, committed 10688K, reserved 1048576K
}
Event: 193.145 GC heap after
{Heap after GC invocations=22 (full 0):
 garbage-first heap   total 67584K, used 33542K [0x0000000744000000, 0x0000000800000000)
  region size 2048K, 2 young (4096K), 2 survivors (4096K)
 Metaspace       used 75512K, committed 76288K, reserved 1179648K
  class space    used 10322K, committed 10688K, reserved 1048576K
}
Event: 541.681 GC heap before
{Heap before GC invocations=22 (full 0):
 garbage-first heap   total 67584K, used 56070K [0x0000000744000000, 0x0000000800000000)
  region size 2048K, 13 young (26624K), 2 survivors (4096K)
 Metaspace       used 75573K, committed 76352K, reserved 1179648K
  class space    used 10322K, committed 10688K, reserved 1048576K
}
Event: 541.685 GC heap after
{Heap after GC invocations=23 (full 0):
 garbage-first heap   total 67584K, used 33669K [0x0000000744000000, 0x0000000800000000)
  region size 2048K, 1 young (2048K), 1 survivors (2048K)
 Metaspace       used 75573K, committed 76352K, reserved 1179648K
  class space    used 10322K, committed 10688K, reserved 1048576K
}
Event: 924.550 GC heap before
{Heap before GC invocations=24 (full 0):
 garbage-first heap   total 67584K, used 58245K [0x0000000744000000, 0x0000000800000000)
  region size 2048K, 13 young (26624K), 1 survivors (2048K)
 Metaspace       used 75567K, committed 76352K, reserved 1179648K
  class space    used 10321K, committed 10688K, reserved 1048576K
}
Event: 924.552 GC heap after
{Heap after GC invocations=25 (full 0):
 garbage-first heap   total 67584K, used 33579K [0x0000000744000000, 0x0000000800000000)
  region size 2048K, 1 young (2048K), 1 survivors (2048K)
 Metaspace       used 75567K, committed 76352K, reserved 1179648K
  class space    used 10321K, committed 10688K, reserved 1048576K
}
Event: 1306.910 GC heap before
{Heap before GC invocations=25 (full 0):
 garbage-first heap   total 67584K, used 58155K [0x0000000744000000, 0x0000000800000000)
  region size 2048K, 13 young (26624K), 1 survivors (2048K)
 Metaspace       used 75571K, committed 76352K, reserved 1179648K
  class space    used 10321K, committed 10688K, reserved 1048576K
}
Event: 1306.925 GC heap after
{Heap after GC invocations=26 (full 0):
 garbage-first heap   total 67584K, used 33099K [0x0000000744000000, 0x0000000800000000)
  region size 2048K, 1 young (2048K), 1 survivors (2048K)
 Metaspace       used 75571K, committed 76352K, reserved 1179648K
  class space    used 10321K, committed 10688K, reserved 1048576K
}
Event: 1689.313 GC heap before
{Heap before GC invocations=26 (full 0):
 garbage-first heap   total 67584K, used 57675K [0x0000000744000000, 0x0000000800000000)
  region size 2048K, 13 young (26624K), 1 survivors (2048K)
 Metaspace       used 75573K, committed 76352K, reserved 1179648K
  class space    used 10321K, committed 10688K, reserved 1048576K
}
Event: 1689.334 GC heap after
{Heap after GC invocations=27 (full 0):
 garbage-first heap   total 67584K, used 33155K [0x0000000744000000, 0x0000000800000000)
  region size 2048K, 1 young (2048K), 1 survivors (2048K)
 Metaspace       used 75573K, committed 76352K, reserved 1179648K
  class space    used 10321K, committed 10688K, reserved 1048576K
}
Event: 2056.709 GC heap before
{Heap before GC invocations=28 (full 0):
 garbage-first heap   total 67584K, used 57731K [0x0000000744000000, 0x0000000800000000)
  region size 2048K, 13 young (26624K), 1 survivors (2048K)
 Metaspace       used 75628K, committed 76416K, reserved 1179648K
  class space    used 10330K, committed 10688K, reserved 1048576K
}
Event: 2056.739 GC heap after
{Heap after GC invocations=29 (full 0):
 garbage-first heap   total 67584K, used 33392K [0x0000000744000000, 0x0000000800000000)
  region size 2048K, 1 young (2048K), 1 survivors (2048K)
 Metaspace       used 75628K, committed 76416K, reserved 1179648K
  class space    used 10330K, committed 10688K, reserved 1048576K
}
Event: 2436.444 GC heap before
{Heap before GC invocations=29 (full 0):
 garbage-first heap   total 67584K, used 57968K [0x0000000744000000, 0x0000000800000000)
  region size 2048K, 13 young (26624K), 1 survivors (2048K)
 Metaspace       used 75628K, committed 76416K, reserved 1179648K
  class space    used 10330K, committed 10688K, reserved 1048576K
}
Event: 2436.464 GC heap after
{Heap after GC invocations=30 (full 0):
 garbage-first heap   total 67584K, used 33055K [0x0000000744000000, 0x0000000800000000)
  region size 2048K, 1 young (2048K), 1 survivors (2048K)
 Metaspace       used 75628K, committed 76416K, reserved 1179648K
  class space    used 10330K, committed 10688K, reserved 1048576K
}

Dll operation events (13 events):
Event: 0.033 Loaded shared library C:\Program Files\Java\jdk-21\bin\java.dll
Event: 0.075 Loaded shared library C:\Program Files\Java\jdk-21\bin\jsvml.dll
Event: 0.180 Loaded shared library C:\Program Files\Java\jdk-21\bin\zip.dll
Event: 0.184 Loaded shared library C:\Program Files\Java\jdk-21\bin\instrument.dll
Event: 0.190 Loaded shared library C:\Program Files\Java\jdk-21\bin\net.dll
Event: 0.192 Loaded shared library C:\Program Files\Java\jdk-21\bin\nio.dll
Event: 0.196 Loaded shared library C:\Program Files\Java\jdk-21\bin\zip.dll
Event: 0.349 Loaded shared library C:\Program Files\Java\jdk-21\bin\extnet.dll
Event: 0.396 Loaded shared library C:\Program Files\Java\jdk-21\bin\jimage.dll
Event: 0.756 Loaded shared library C:\Program Files\Java\jdk-21\bin\management.dll
Event: 0.761 Loaded shared library C:\Program Files\Java\jdk-21\bin\management_ext.dll
Event: 2.717 Loaded shared library C:\Program Files\Java\jdk-21\bin\sunmscapi.dll
Event: 6.208 Loaded shared library C:\Program Files\Java\jdk-21\bin\verify.dll

Deoptimization events (20 events):
Event: 2589.860 Thread 0x0000021afc254620 Uncommon trap: trap_request=0xffffffc6 fr.pc=0x0000021ae7bd8a18 relative=0x0000000000000d78
Event: 2589.860 Thread 0x0000021afc254620 Uncommon trap: reason=bimorphic_or_optimized_type_check action=maybe_recompile pc=0x0000021ae7bd8a18 method=java.util.AbstractCollection.containsAll(Ljava/util/Collection;)Z @ 25 c2
Event: 2589.860 Thread 0x0000021afc254620 DEOPT PACKING pc=0x0000021ae7bd8a18 sp=0x00000092fe3fefb0
Event: 2589.860 Thread 0x0000021afc254620 DEOPT UNPACKING pc=0x0000021ae7287da2 sp=0x00000092fe3fef88 mode 2
Event: 2590.288 Thread 0x0000021afc254620 Uncommon trap: trap_request=0xffffffc6 fr.pc=0x0000021ae7bd8a18 relative=0x0000000000000d78
Event: 2590.288 Thread 0x0000021afc254620 Uncommon trap: reason=bimorphic_or_optimized_type_check action=maybe_recompile pc=0x0000021ae7bd8a18 method=java.util.AbstractCollection.containsAll(Ljava/util/Collection;)Z @ 25 c2
Event: 2590.288 Thread 0x0000021afc254620 DEOPT PACKING pc=0x0000021ae7bd8a18 sp=0x00000092fe3fefb0
Event: 2590.288 Thread 0x0000021afc254620 DEOPT UNPACKING pc=0x0000021ae7287da2 sp=0x00000092fe3fef88 mode 2
Event: 2603.212 Thread 0x0000021afc254620 Uncommon trap: trap_request=0xffffff45 fr.pc=0x0000021ae7bd9fd8 relative=0x00000000000007b8
Event: 2603.212 Thread 0x0000021afc254620 Uncommon trap: reason=unstable_if action=reinterpret pc=0x0000021ae7bd9fd8 method=java.io.File.normalizedList()[Ljava/lang/String; @ 34 c2
Event: 2603.212 Thread 0x0000021afc254620 DEOPT PACKING pc=0x0000021ae7bd9fd8 sp=0x00000092fe3fee60
Event: 2603.212 Thread 0x0000021afc254620 DEOPT UNPACKING pc=0x0000021ae7287da2 sp=0x00000092fe3fedb8 mode 2
Event: 2604.035 Thread 0x0000021afc254620 Uncommon trap: trap_request=0xffffffc6 fr.pc=0x0000021ae7bd8a18 relative=0x0000000000000d78
Event: 2604.035 Thread 0x0000021afc254620 Uncommon trap: reason=bimorphic_or_optimized_type_check action=maybe_recompile pc=0x0000021ae7bd8a18 method=java.util.AbstractCollection.containsAll(Ljava/util/Collection;)Z @ 25 c2
Event: 2604.035 Thread 0x0000021afc254620 DEOPT PACKING pc=0x0000021ae7bd8a18 sp=0x00000092fe3fefb0
Event: 2604.035 Thread 0x0000021afc254620 DEOPT UNPACKING pc=0x0000021ae7287da2 sp=0x00000092fe3fef88 mode 2
Event: 2604.455 Thread 0x0000021afc254620 Uncommon trap: trap_request=0xffffffc6 fr.pc=0x0000021ae7bd8a18 relative=0x0000000000000d78
Event: 2604.455 Thread 0x0000021afc254620 Uncommon trap: reason=bimorphic_or_optimized_type_check action=maybe_recompile pc=0x0000021ae7bd8a18 method=java.util.AbstractCollection.containsAll(Ljava/util/Collection;)Z @ 25 c2
Event: 2604.455 Thread 0x0000021afc254620 DEOPT PACKING pc=0x0000021ae7bd8a18 sp=0x00000092fe3fefb0
Event: 2604.455 Thread 0x0000021afc254620 DEOPT UNPACKING pc=0x0000021ae7287da2 sp=0x00000092fe3fef88 mode 2

Classes loaded (20 events):
Event: 55.926 Loading class java/util/stream/LongStream
Event: 55.926 Loading class java/util/stream/LongStream done
Event: 55.926 Loading class java/util/stream/DoubleStream
Event: 55.927 Loading class java/util/stream/DoubleStream done
Event: 1762.901 Loading class java/security/InvalidKeyException
Event: 1762.905 Loading class java/security/KeyException
Event: 1762.907 Loading class java/security/KeyException done
Event: 1762.907 Loading class java/security/InvalidKeyException done
Event: 1762.907 Loading class java/security/SignatureException
Event: 1762.909 Loading class java/security/SignatureException done
Event: 1762.910 Loading class java/security/spec/InvalidKeySpecException
Event: 1762.910 Loading class java/security/spec/InvalidKeySpecException done
Event: 1762.915 Loading class javax/net/ssl/SSLSocket
Event: 1762.922 Loading class javax/net/ssl/SSLSocket done
Event: 1762.924 Loading class javax/crypto/NoSuchPaddingException
Event: 1762.925 Loading class javax/crypto/NoSuchPaddingException done
Event: 1762.925 Loading class javax/crypto/IllegalBlockSizeException
Event: 1762.926 Loading class javax/crypto/IllegalBlockSizeException done
Event: 1762.926 Loading class javax/crypto/BadPaddingException
Event: 1762.928 Loading class javax/crypto/BadPaddingException done

Classes unloaded (2 events):
Event: 541.741 Thread 0x0000021af4b405b0 Unloading class 0x0000021a818e9400 'jdk/internal/reflect/GeneratedSerializationConstructorAccessor2'
Event: 541.741 Thread 0x0000021af4b405b0 Unloading class 0x0000021a818e0800 'jdk/internal/reflect/GeneratedSerializationConstructorAccessor1'

Classes redefined (0 events):
No events

Internal exceptions (20 events):
Event: 9.107 Thread 0x0000021af9720010 Exception <a 'java/lang/NoSuchMethodError'{0x000000074cc9fec0}: 'int java.lang.invoke.DirectMethodHandle$Holder.invokeStaticInit(java.lang.Object, int, java.lang.Object, java.lang.Object, java.lang.Object, java.lang.Object)'> (0x000000074cc9fec0) 
thrown [s\open\src\hotspot\share\interpreter\linkResolver.cpp, line 773]
Event: 9.230 Thread 0x0000021af9720010 Exception <a 'java/lang/NoSuchMethodError'{0x000000074c6496c8}: 'java.lang.Object java.lang.invoke.DirectMethodHandle$Holder.newInvokeSpecial(java.lang.Object, java.lang.Object, java.lang.Object, java.lang.Object, java.lang.Object, java.lang.Object, java.lang.Object, java.lang.Object, java.lang.Object)'> (0x000000074c6496c8) 
thrown [s\open\src\hotspot\share\interpreter\linkResolver.cpp, line 773]
Event: 9.304 Thread 0x0000021af9720010 Exception <a 'java/lang/NoSuchMethodError'{0x0000000746c9e6f0}: 'java.lang.Object java.lang.invoke.DirectMethodHandle$Holder.newInvokeSpecial(java.lang.Object, java.lang.Object, java.lang.Object, java.lang.Object, java.lang.Object, java.lang.Object, java.lang.Object, java.lang.Object)'> (0x0000000746c9e6f0) 
thrown [s\open\src\hotspot\share\interpreter\linkResolver.cpp, line 773]
Event: 9.655 Thread 0x0000021af9720010 Exception <a 'java/lang/NoSuchMethodError'{0x000000074cd372a8}: 'java.lang.Object java.lang.invoke.DirectMethodHandle$Holder.invokeInterface(java.lang.Object, java.lang.Object, java.lang.Object, java.lang.Object)'> (0x000000074cd372a8) 
thrown [s\open\src\hotspot\share\interpreter\linkResolver.cpp, line 773]
Event: 9.949 Thread 0x0000021af9720010 Exception <a 'java/lang/IncompatibleClassChangeError'{0x0000000746a8d658}: Found class java.lang.Object, but interface was expected> (0x0000000746a8d658) 
thrown [s\open\src\hotspot\share\interpreter\linkResolver.cpp, line 840]
Event: 10.086 Thread 0x0000021af9720010 Exception <a 'java/lang/NoSuchMethodError'{0x00000007466b1840}: 'int java.lang.invoke.DirectMethodHandle$Holder.invokeStaticInit(java.lang.Object, java.lang.Object, java.lang.Object, java.lang.Object)'> (0x00000007466b1840) 
thrown [s\open\src\hotspot\share\interpreter\linkResolver.cpp, line 773]
Event: 10.240 Thread 0x0000021af9720010 Exception <a 'java/lang/IncompatibleClassChangeError'{0x000000074cc793d0}: Found class java.lang.Object, but interface was expected> (0x000000074cc793d0) 
thrown [s\open\src\hotspot\share\interpreter\linkResolver.cpp, line 840]
Event: 10.290 Thread 0x0000021af9720010 Exception <a 'java/lang/NoSuchMethodError'{0x000000074cddb038}: 'java.lang.Object java.lang.invoke.Invokers$Holder.invoke_MT(java.lang.Object, java.lang.Object, java.lang.Object, java.lang.Object, java.lang.Object, java.lang.Object, java.lang.Object, java.lang.Object, java.lang.Object, java.lang.Object, java.lang.Object)'> (0x000000074cddb038) 
thrown [s\open\src\hotspot\share\interpreter\linkResolver.cpp, line 773]
Event: 10.487 Thread 0x0000021af9720010 Exception <a 'java/lang/NoSuchMethodError'{0x000000074c6b7038}: 'java.lang.Object java.lang.invoke.DirectMethodHandle$Holder.newInvokeSpecial(java.lang.Object, java.lang.Object, int, java.lang.Object, java.lang.Object)'> (0x000000074c6b7038) 
thrown [s\open\src\hotspot\share\interpreter\linkResolver.cpp, line 773]
Event: 54.701 Thread 0x0000021afc8e61c0 Exception <a 'java/lang/NoSuchMethodError'{0x00000007479432f8}: 'java.lang.Object java.lang.invoke.DirectMethodHandle$Holder.invokeStatic(java.lang.Object, java.lang.Object, java.lang.Object, int, int)'> (0x00000007479432f8) 
thrown [s\open\src\hotspot\share\interpreter\linkResolver.cpp, line 773]
Event: 54.704 Thread 0x0000021afc8e61c0 Exception <a 'java/lang/NoSuchMethodError'{0x0000000747946a50}: 'java.lang.Object java.lang.invoke.DirectMethodHandle$Holder.invokeStaticInit(java.lang.Object, java.lang.Object, java.lang.Object, int, int)'> (0x0000000747946a50) 
thrown [s\open\src\hotspot\share\interpreter\linkResolver.cpp, line 773]
Event: 54.800 Thread 0x0000021afc253900 Exception <a 'java/lang/NoSuchMethodError'{0x00000007475cd958}: 'java.lang.Object java.lang.invoke.DirectMethodHandle$Holder.invokeSpecial(java.lang.Object, java.lang.Object, java.lang.Object, java.lang.Object, java.lang.Object, long)'> (0x00000007475cd958) 
thrown [s\open\src\hotspot\share\interpreter\linkResolver.cpp, line 773]
Event: 54.800 Thread 0x0000021afc253900 Exception <a 'java/lang/NoSuchMethodError'{0x00000007475d15b0}: 'java.lang.Object java.lang.invoke.Invokers$Holder.linkToTargetMethod(java.lang.Object, java.lang.Object, java.lang.Object, long, java.lang.Object)'> (0x00000007475d15b0) 
thrown [s\open\src\hotspot\share\interpreter\linkResolver.cpp, line 773]
Event: 55.426 Thread 0x0000021afc255340 Exception <a 'java/lang/IncompatibleClassChangeError'{0x000000074c842618}: Found class java.lang.Object, but interface was expected> (0x000000074c842618) 
thrown [s\open\src\hotspot\share\interpreter\linkResolver.cpp, line 840]
Event: 55.479 Thread 0x0000021afc255340 Exception <a 'java/lang/NoSuchMethodError'{0x000000074c9ec6f8}: 'void java.lang.invoke.DirectMethodHandle$Holder.invokeSpecialIFC(java.lang.Object, java.lang.Object, int, java.lang.Object, java.lang.Object, java.lang.Object, java.lang.Object)'> (0x000000074c9ec6f8) 
thrown [s\open\src\hotspot\share\interpreter\linkResolver.cpp, line 773]
Event: 55.676 Thread 0x0000021afc255340 Exception <a 'java/lang/NoSuchMethodError'{0x00000007478cefb8}: 'int java.lang.invoke.DirectMethodHandle$Holder.invokeStatic(java.lang.Object, java.lang.Object, int, int)'> (0x00000007478cefb8) 
thrown [s\open\src\hotspot\share\interpreter\linkResolver.cpp, line 773]
Event: 55.713 Thread 0x0000021afc255340 Exception <a 'java/lang/NoSuchMethodError'{0x0000000747987830}: 'java.lang.Object java.lang.invoke.DirectMethodHandle$Holder.invokeInterface(java.lang.Object, java.lang.Object, java.lang.Object, java.lang.Object, java.lang.Object)'> (0x0000000747987830) 
thrown [s\open\src\hotspot\share\interpreter\linkResolver.cpp, line 773]
Event: 55.743 Thread 0x0000021afc255340 Exception <a 'java/lang/IncompatibleClassChangeError'{0x0000000747661718}: Found class java.lang.Object, but interface was expected> (0x0000000747661718) 
thrown [s\open\src\hotspot\share\interpreter\linkResolver.cpp, line 840]
Event: 2589.014 Thread 0x0000021afc254620 Implicit null exception at 0x0000021ae7bdac7b to 0x0000021ae7bde2b4
Event: 2603.212 Thread 0x0000021afc254620 Implicit null exception at 0x0000021ae7bd9a15 to 0x0000021ae7bd9fc8

ZGC Phase Switch (0 events):
No events

VM Operations (20 events):
Event: 1763.607 Executing VM operation: Cleanup
Event: 1763.607 Executing VM operation: Cleanup done
Event: 1764.622 Executing VM operation: Cleanup
Event: 1764.622 Executing VM operation: Cleanup done
Event: 1791.968 Executing VM operation: Cleanup
Event: 1791.968 Executing VM operation: Cleanup done
Event: 1805.107 Executing VM operation: Cleanup
Event: 1805.107 Executing VM operation: Cleanup done
Event: 1857.701 Executing VM operation: Cleanup
Event: 1857.701 Executing VM operation: Cleanup done
Event: 2056.709 Executing VM operation: G1CollectForAllocation (G1 Evacuation Pause)
Event: 2056.739 Executing VM operation: G1CollectForAllocation (G1 Evacuation Pause) done
Event: 2436.444 Executing VM operation: G1CollectForAllocation (G1 Evacuation Pause)
Event: 2436.464 Executing VM operation: G1CollectForAllocation (G1 Evacuation Pause) done
Event: 2571.021 Executing VM operation: Cleanup
Event: 2571.021 Executing VM operation: Cleanup done
Event: 2590.226 Executing VM operation: Cleanup
Event: 2590.226 Executing VM operation: Cleanup done
Event: 2591.227 Executing VM operation: Cleanup
Event: 2591.227 Executing VM operation: Cleanup done

Events (20 events):
Event: 1689.687 Thread 0x0000021af4b405b0 flushing nmethod 0x0000021ae77d1890
Event: 1689.687 Thread 0x0000021af4b405b0 flushing nmethod 0x0000021ae77d0910
Event: 1689.687 Thread 0x0000021af4b405b0 flushing nmethod 0x0000021ae77d0610
Event: 1689.687 Thread 0x0000021af4b405b0 flushing nmethod 0x0000021ae77d0310
Event: 1762.798 Thread 0x0000021afc8e9cd0 Thread added: 0x0000021afc8e9cd0
Event: 1762.973 Thread 0x0000021afc8e7c00 Thread added: 0x0000021afc8e7c00
Event: 1769.488 Thread 0x0000021afc8e9cd0 Thread exited: 0x0000021afc8e9cd0
Event: 1769.548 Thread 0x0000021afc8e7c00 Thread exited: 0x0000021afc8e7c00
Event: 1779.936 Thread 0x0000021afc8e6850 Thread added: 0x0000021afc8e6850
Event: 1779.944 Thread 0x0000021afc8e8920 Thread added: 0x0000021afc8e8920
Event: 1784.950 Thread 0x0000021afc8e6850 Thread exited: 0x0000021afc8e6850
Event: 1785.012 Thread 0x0000021afc8e8920 Thread exited: 0x0000021afc8e8920
Event: 1791.843 Thread 0x0000021afc8e8920 Thread added: 0x0000021afc8e8920
Event: 1791.844 Thread 0x0000021afc8e9640 Thread added: 0x0000021afc8e9640
Event: 1796.847 Thread 0x0000021afc8e8920 Thread exited: 0x0000021afc8e8920
Event: 1796.894 Thread 0x0000021afc8e9640 Thread exited: 0x0000021afc8e9640
Event: 1804.935 Thread 0x0000021afc8e8fb0 Thread added: 0x0000021afc8e8fb0
Event: 1804.936 Thread 0x0000021afc8e9640 Thread added: 0x0000021afc8e9640
Event: 1809.950 Thread 0x0000021afc8e8fb0 Thread exited: 0x0000021afc8e8fb0
Event: 1810.012 Thread 0x0000021afc8e9640 Thread exited: 0x0000021afc8e9640


Dynamic libraries:
0x00007ff740b90000 - 0x00007ff740ba0000 	C:\Program Files\Java\jdk-21\bin\java.exe
0x00007ff938a00000 - 0x00007ff938c66000 	C:\WINDOWS\SYSTEM32\ntdll.dll
0x00007ff9370f0000 - 0x00007ff9371b9000 	C:\WINDOWS\System32\KERNEL32.DLL
0x00007ff9361c0000 - 0x00007ff93658c000 	C:\WINDOWS\System32\KERNELBASE.dll
0x00007ff935fe0000 - 0x00007ff93612b000 	C:\WINDOWS\System32\ucrtbase.dll
0x00007ff9254b0000 - 0x00007ff9254c9000 	C:\Program Files\Java\jdk-21\bin\jli.dll
0x00007ff937bf0000 - 0x00007ff937ca2000 	C:\WINDOWS\System32\ADVAPI32.dll
0x00007ff936c30000 - 0x00007ff936cd9000 	C:\WINDOWS\System32\msvcrt.dll
0x00007ff936800000 - 0x00007ff9368a6000 	C:\WINDOWS\System32\sechost.dll
0x00007ff936fd0000 - 0x00007ff9370e6000 	C:\WINDOWS\System32\RPCRT4.dll
0x00007ff938660000 - 0x00007ff93882a000 	C:\WINDOWS\System32\USER32.dll
0x00007ff935c30000 - 0x00007ff935c57000 	C:\WINDOWS\System32\win32u.dll
0x00007ff936b50000 - 0x00007ff936b7b000 	C:\WINDOWS\System32\GDI32.dll
0x00007ff935ea0000 - 0x00007ff935fd2000 	C:\WINDOWS\System32\gdi32full.dll
0x00007ff925420000 - 0x00007ff92543b000 	C:\Program Files\Java\jdk-21\bin\VCRUNTIME140.dll
0x00007ff936590000 - 0x00007ff936633000 	C:\WINDOWS\System32\msvcp_win.dll
0x00007ff9214d0000 - 0x00007ff92176a000 	C:\WINDOWS\WinSxS\amd64_microsoft.windows.common-controls_6595b64144ccf1df_6.0.26100.3912_none_3e07963ce335137e\COMCTL32.dll
0x00007ff925bc0000 - 0x00007ff925bcb000 	C:\WINDOWS\SYSTEM32\VERSION.dll
0x00007ff9367c0000 - 0x00007ff9367f0000 	C:\WINDOWS\System32\IMM32.DLL
0x00007ff9327b0000 - 0x00007ff9327bc000 	C:\Program Files\Java\jdk-21\bin\vcruntime140_1.dll
0x00007ff921ac0000 - 0x00007ff921b4e000 	C:\Program Files\Java\jdk-21\bin\msvcp140.dll
0x00007ff8d3ae0000 - 0x00007ff8d47f3000 	C:\Program Files\Java\jdk-21\bin\server\jvm.dll
0x00007ff938590000 - 0x00007ff938604000 	C:\WINDOWS\System32\WS2_32.dll
0x00007ff935a00000 - 0x00007ff935a5e000 	C:\WINDOWS\SYSTEM32\POWRPROF.dll
0x00007ff91e7f0000 - 0x00007ff91e826000 	C:\WINDOWS\SYSTEM32\WINMM.dll
0x00007ff9359e0000 - 0x00007ff9359f4000 	C:\WINDOWS\SYSTEM32\UMPDC.dll
0x00007ff934950000 - 0x00007ff93496a000 	C:\WINDOWS\SYSTEM32\kernel.appcore.dll
0x00007ff925650000 - 0x00007ff92565a000 	C:\Program Files\Java\jdk-21\bin\jimage.dll
0x00007ff933300000 - 0x00007ff933541000 	C:\WINDOWS\SYSTEM32\DBGHELP.DLL
0x00007ff9381f0000 - 0x00007ff938574000 	C:\WINDOWS\System32\combase.dll
0x00007ff936a60000 - 0x00007ff936b40000 	C:\WINDOWS\System32\OLEAUT32.dll
0x00007ff91d000000 - 0x00007ff91d039000 	C:\WINDOWS\SYSTEM32\dbgcore.DLL
0x00007ff935b90000 - 0x00007ff935c29000 	C:\WINDOWS\System32\bcryptPrimitives.dll
0x00007ff925410000 - 0x00007ff92541f000 	C:\Program Files\Java\jdk-21\bin\instrument.dll
0x00007ff920290000 - 0x00007ff9202af000 	C:\Program Files\Java\jdk-21\bin\java.dll
0x00007ff9371e0000 - 0x00007ff93790d000 	C:\WINDOWS\System32\SHELL32.dll
0x00007ff936640000 - 0x00007ff9367b4000 	C:\WINDOWS\System32\wintypes.dll
0x00007ff933840000 - 0x00007ff934096000 	C:\WINDOWS\SYSTEM32\windows.storage.dll
0x00007ff937af0000 - 0x00007ff937bdf000 	C:\WINDOWS\System32\SHCORE.dll
0x00007ff936ce0000 - 0x00007ff936d49000 	C:\WINDOWS\System32\shlwapi.dll
0x00007ff935aa0000 - 0x00007ff935acf000 	C:\WINDOWS\SYSTEM32\profapi.dll
0x00007ff908a50000 - 0x00007ff908b27000 	C:\Program Files\Java\jdk-21\bin\jsvml.dll
0x00007ff920240000 - 0x00007ff920258000 	C:\Program Files\Java\jdk-21\bin\zip.dll
0x00007ff925290000 - 0x00007ff9252a0000 	C:\Program Files\Java\jdk-21\bin\net.dll
0x00007ff92c0b0000 - 0x00007ff92c1ce000 	C:\WINDOWS\SYSTEM32\WINHTTP.dll
0x00007ff934ec0000 - 0x00007ff934f2a000 	C:\WINDOWS\system32\mswsock.dll
0x00007ff920220000 - 0x00007ff920236000 	C:\Program Files\Java\jdk-21\bin\nio.dll
0x00007ff921ab0000 - 0x00007ff921ab7000 	C:\Program Files\Java\jdk-21\bin\extnet.dll
0x00007ff920280000 - 0x00007ff92028a000 	C:\Program Files\Java\jdk-21\bin\management.dll
0x00007ff920210000 - 0x00007ff92021b000 	C:\Program Files\Java\jdk-21\bin\management_ext.dll
0x00007ff9371d0000 - 0x00007ff9371d8000 	C:\WINDOWS\System32\PSAPI.DLL
0x00007ff91fb60000 - 0x00007ff91fb6e000 	C:\Program Files\Java\jdk-21\bin\sunmscapi.dll
0x00007ff935c60000 - 0x00007ff935dd7000 	C:\WINDOWS\System32\CRYPT32.dll
0x00007ff935370000 - 0x00007ff9353a0000 	C:\WINDOWS\SYSTEM32\ncrypt.dll
0x00007ff935320000 - 0x00007ff93535f000 	C:\WINDOWS\SYSTEM32\NTASN1.dll
0x00007ff935170000 - 0x00007ff93518c000 	C:\WINDOWS\SYSTEM32\CRYPTSP.dll
0x00007ff9348b0000 - 0x00007ff9348ea000 	C:\WINDOWS\system32\rsaenh.dll
0x00007ff934f60000 - 0x00007ff934f8b000 	C:\WINDOWS\SYSTEM32\USERENV.dll
0x00007ff935a70000 - 0x00007ff935a96000 	C:\WINDOWS\SYSTEM32\bcrypt.dll
0x00007ff935160000 - 0x00007ff93516c000 	C:\WINDOWS\SYSTEM32\CRYPTBASE.dll
0x00007ff934390000 - 0x00007ff9343c3000 	C:\WINDOWS\SYSTEM32\IPHLPAPI.DLL
0x00007ff9371c0000 - 0x00007ff9371ca000 	C:\WINDOWS\System32\NSI.dll
0x00007ff934420000 - 0x00007ff934547000 	C:\WINDOWS\SYSTEM32\DNSAPI.dll
0x00007ff928150000 - 0x00007ff92815b000 	C:\Windows\System32\rasadhlp.dll
0x00007ff927080000 - 0x00007ff927106000 	C:\WINDOWS\System32\fwpuclnt.dll
0x00007ff91fb50000 - 0x00007ff91fb60000 	C:\Program Files\Java\jdk-21\bin\verify.dll
0x00007ff8b80d0000 - 0x00007ff8b80d8000 	C:\WINDOWS\system32\wshunix.dll

dbghelp: loaded successfully - version: 4.0.5 - missing functions: none
symbol engine: initialized successfully - sym options: 0x614 - pdb path: .;C:\Program Files\Java\jdk-21\bin;C:\WINDOWS\SYSTEM32;C:\WINDOWS\WinSxS\amd64_microsoft.windows.common-controls_6595b64144ccf1df_6.0.26100.3912_none_3e07963ce335137e;C:\Program Files\Java\jdk-21\bin\server

VM Arguments:
jvm_args: -javaagent:C:\Program Files\JetBrains\IntelliJ IDEA Community Edition 2025.1\lib\idea_rt.jar=59144 -Dfile.encoding=UTF-8 -Dsun.stdout.encoding=UTF-8 -Dsun.stderr.encoding=UTF-8 
java_command: divermindcenterterapia.divermindcenter.DivermindcenterApplication
java_class_path (initial): C:\springboot\divermindcenter\target\classes;C:\Users\rene\.m2\repository\org\springframework\boot\spring-boot-starter-data-jpa\3.4.5\spring-boot-starter-data-jpa-3.4.5.jar;C:\Users\rene\.m2\repository\org\springframework\boot\spring-boot-starter\3.4.5\spring-boot-starter-3.4.5.jar;C:\Users\rene\.m2\repository\org\springframework\boot\spring-boot-starter-logging\3.4.5\spring-boot-starter-logging-3.4.5.jar;C:\Users\rene\.m2\repository\ch\qos\logback\logback-classic\1.5.18\logback-classic-1.5.18.jar;C:\Users\rene\.m2\repository\ch\qos\logback\logback-core\1.5.18\logback-core-1.5.18.jar;C:\Users\rene\.m2\repository\org\apache\logging\log4j\log4j-to-slf4j\2.24.3\log4j-to-slf4j-2.24.3.jar;C:\Users\rene\.m2\repository\org\apache\logging\log4j\log4j-api\2.24.3\log4j-api-2.24.3.jar;C:\Users\rene\.m2\repository\org\slf4j\jul-to-slf4j\2.0.17\jul-to-slf4j-2.0.17.jar;C:\Users\rene\.m2\repository\jakarta\annotation\jakarta.annotation-api\2.1.1\jakarta.annotation-api-2.1.1.jar;C:\Users\rene\.m2\repository\org\yaml\snakeyaml\2.3\snakeyaml-2.3.jar;C:\Users\rene\.m2\repository\org\springframework\boot\spring-boot-starter-jdbc\3.4.5\spring-boot-starter-jdbc-3.4.5.jar;C:\Users\rene\.m2\repository\com\zaxxer\HikariCP\5.1.0\HikariCP-5.1.0.jar;C:\Users\rene\.m2\repository\org\springframework\spring-jdbc\6.2.6\spring-jdbc-6.2.6.jar;C:\Users\rene\.m2\repository\org\hibernate\orm\hibernate-core\6.6.13.Final\hibernate-core-6.6.13.Final.jar;C:\Users\rene\.m2\repository\jakarta\persistence\jakarta.persistence-api\3.1.0\jakarta.persistence-api-3.1.0.jar;C:\Users\rene\.m2\repository\jakarta\transaction\jakarta.transaction-api\2.0.1\jakarta.transaction-api-2.0.1.jar;C:\Users\rene\.m2\repository\org\jboss\logging\jboss-logging\3.6.1.Final\jboss-logging-3.6.1.Final.jar;C:\Users\rene\.m2\repository\org\hibernate\common\hibernate-commons-annotations\7.0.3.Final\hibernate-commons-annotations-7.0.3.Final.jar;C:\Users\rene\.m2\repository\io\smallrye\jandex\3.2.0\jandex-3.2.0.jar;C:\Users\rene\.m2\repository\com\fasterxml\classmate\1.7.0\classmate-1.7.0.jar;C:\Users\rene\.m2\repository\net\bytebuddy\byte-buddy\1.15.11\byte-buddy-1.15.11.jar;C:\Users\rene\.m2\repository\org\glassfish\jaxb\jaxb-runtime\4.0.5\jaxb-runtime-4.0.5.jar;C:\Users\rene\.m2\repository\org\glassfish\jaxb\jaxb-core\4.0.5\jaxb-core-4.0.5.jar;C:\Users\rene\.m2\repository\org\eclipse\angus\angus-activation\2.0.2\angus-activation-2.0.2.jar;C:\Users\rene\.m2\repository\org\glassfish\jaxb\txw2\4.0.5\txw2-4.0.5.jar;C:\Users\rene\.m2\repository\com\sun\istack\istack-commons-runtime\4.1.2\istack-commons-runtime-4.1.2.jar;C:\Users\rene\.m2\repository\jakarta\inject\jakarta.inject-api\2.0.1\jakarta.inject-api-2.0.1.jar;C:\Users\rene\.m2\repository\org\antlr\antlr4-runtime\4.13.0\antlr4-runtime-4.13.0.jar;C:\Users\rene\.m2\repository\org\springframework\data\spring-data-jpa\3.4.5\spring-data-jpa-3.4.5.jar;C:\Users\rene\.m2\repository\org\springframework\data\spring-data-commons\3.4.5\spring-data-commons-3.4.5.jar;C:\Users\rene\.m2\repository\org\springframework\spring-orm\6.2.6\spring-orm-6.2.6.jar;C:\Users\rene\.m2\repository\org\springframework\spring-context\6.2.6\spring-context-6.2.6.jar;C:\Users\rene\.m2\repository\org\springframework\spring-tx\6.2.6\spring-tx-6.2.6.jar;C:\Users\rene\.m2\repository\org\springframework\spring-beans\6.2.6\spring-beans-6.2.6.jar;C:\Users\rene\.m2\repository\org\slf4j\slf4j-api\2.0.17\slf4j-api-2.0.17.jar;C:\Users\rene\.m2\repository\org\springframework\spring-aspects\6.2.6\spring-aspects-6.2.6.jar;C:\Users\rene\.m2\repository\org\aspectj\aspectjweaver\1.9.24\aspectjweaver-1.9.24.jar;C:\Users\rene\.m2\repository\org\springframework\boot\spring-boot-starter-web\3.4.5\spring-boot-starter-web-3.4.5.jar;C:\Users\rene\.m2\repository\org\springframework\boot\spring-boot-starter-json\3.4.5\spring-boot-starter-json-3.4.5.jar;C:\Users\rene\.m2\repository\com\fasterxml\jackson\core\jackson-databind\2.18.3\jackson-databind-2.18.3.jar;C:\Users\rene\.m2\repository\com\fasterxml\jackson\core\jackson-annotations\2.18.3\jackson-annotations-2.18.3.jar;C:\Users\rene\.m2\repository\com\fasterxml\jackson\core\jackson-core\2.18.3\jackson-core-2.18.3.jar;C:\Users\rene\.m2\repository\com\fasterxml\jackson\datatype\jackson-datatype-jdk8\2.18.3\jackson-datatype-jdk8-2.18.3.jar;C:\Users\rene\.m2\repository\com\fasterxml\jackson\datatype\jackson-datatype-jsr310\2.18.3\jackson-datatype-jsr310-2.18.3.jar;C:\Users\rene\.m2\repository\com\fasterxml\jackson\module\jackson-module-parameter-names\2.18.3\jackson-module-parameter-names-2.18.3.jar;C:\Users\rene\.m2\repository\org\springframework\boot\spring-boot-starter-tomcat\3.4.5\spring-boot-starter-tomcat-3.4.5.jar;C:\Users\rene\.m2\repository\org\apache\tomcat\embed\tomcat-embed-core\10.1.40\tomcat-embed-core-10.1.40.jar;C:\Users\rene\.m2\repository\org\apache\tomcat\embed\tomcat-embed-websocket\10.1.40\tomcat-embed-websocket-10.1.40.jar;C:\Users\rene\.m2\repository\org\springframework\spring-web\6.2.6\spring-web-6.2.6.jar;C:\Users\rene\.m2\repository\io\micrometer\micrometer-observation\1.14.6\micrometer-observation-1.14.6.jar;C:\Users\rene\.m2\repository\io\micrometer\micrometer-commons\1.14.6\micrometer-commons-1.14.6.jar;C:\Users\rene\.m2\repository\org\springframework\spring-webmvc\6.2.6\spring-webmvc-6.2.6.jar;C:\Users\rene\.m2\repository\org\springframework\spring-expression\6.2.6\spring-expression-6.2.6.jar;C:\Users\rene\.m2\repository\org\springframework\boot\spring-boot-devtools\3.4.5\spring-boot-devtools-3.4.5.jar;C:\Users\rene\.m2\repository\org\springframework\boot\spring-boot\3.4.5\spring-boot-3.4.5.jar;C:\Users\rene\.m2\repository\org\springframework\boot\spring-boot-autoconfigure\3.4.5\spring-boot-autoconfigure-3.4.5.jar;C:\Users\rene\.m2\repository\com\mysql\mysql-connector-j\9.1.0\mysql-connector-j-9.1.0.jar;C:\Users\rene\.m2\repository\org\projectlombok\lombok\1.18.38\lombok-1.18.38.jar;C:\Users\rene\.m2\repository\jakarta\xml\bind\jakarta.xml.bind-api\4.0.2\jakarta.xml.bind-api-4.0.2.jar;C:\Users\rene\.m2\repository\jakarta\activation\jakarta.activation-api\2.1.3\jakarta.activation-api-2.1.3.jar;C:\Users\rene\.m2\repository\org\springframework\spring-core\6.2.6\spring-core-6.2.6.jar;C:\Users\rene\.m2\repository\org\springframework\spring-jcl\6.2.6\spring-jcl-6.2.6.jar;C:\Users\rene\.m2\repository\org\springframework\boot\spring-boot-starter-validation\3.4.5\spring-boot-starter-validation-3.4.5.jar;C:\Users\rene\.m2\repository\org\apache\tomcat\embed\tomcat-embed-el\10.1.40\tomcat-embed-el-10.1.40.jar;C:\Users\rene\.m2\repository\org\hibernate\validator\hibernate-validator\8.0.2.Final\hibernate-validator-8.0.2.Final.jar;C:\Users\rene\.m2\repository\jakarta\validation\jakarta.validation-api\3.0.2\jakarta.validation-api-3.0.2.jar;C:\Users\rene\.m2\repository\org\springframework\boot\spring-boot-starter-security\3.4.5\spring-boot-starter-security-3.4.5.jar;C:\Users\rene\.m2\repository\org\springframework\spring-aop\6.2.6\spring-aop-6.2.6.jar;C:\Users\rene\.m2\repository\org\springframework\security\spring-security-config\6.4.5\spring-security-config-6.4.5.jar;C:\Users\rene\.m2\repository\org\springframework\security\spring-security-core\6.4.5\spring-security-core-6.4.5.jar;C:\Users\rene\.m2\repository\org\springframework\security\spring-security-crypto\6.4.5\spring-security-crypto-6.4.5.jar;C:\Users\rene\.m2\repository\org\springframework\security\spring-security-web\6.4.5\spring-security-web-6.4.5.jar
Launcher Type: SUN_STANDARD

[Global flags]
     intx CICompilerCount                          = 3                                         {product} {ergonomic}
     uint ConcGCThreads                            = 1                                         {product} {ergonomic}
     uint G1ConcRefinementThreads                  = 4                                         {product} {ergonomic}
   size_t G1HeapRegionSize                         = 2097152                                   {product} {ergonomic}
    uintx GCDrainStackTargetSize                   = 64                                        {product} {ergonomic}
   size_t InitialHeapSize                          = 197132288                                 {product} {ergonomic}
   size_t MarkStackSize                            = 4194304                                   {product} {ergonomic}
   size_t MaxHeapSize                              = 3154116608                                {product} {ergonomic}
   size_t MaxNewSize                               = 1891631104                                {product} {ergonomic}
   size_t MinHeapDeltaBytes                        = 2097152                                   {product} {ergonomic}
   size_t MinHeapSize                              = 8388608                                   {product} {ergonomic}
    uintx NonNMethodCodeHeapSize                   = 5832780                                {pd product} {ergonomic}
    uintx NonProfiledCodeHeapSize                  = 122912730                              {pd product} {ergonomic}
    uintx ProfiledCodeHeapSize                     = 122912730                              {pd product} {ergonomic}
    uintx ReservedCodeCacheSize                    = 251658240                              {pd product} {ergonomic}
     bool SegmentedCodeCache                       = true                                      {product} {ergonomic}
   size_t SoftMaxHeapSize                          = 3154116608                             {manageable} {ergonomic}
     bool UseCompressedOops                        = true                           {product lp64_product} {ergonomic}
     bool UseG1GC                                  = true                                      {product} {ergonomic}
     bool UseLargePagesIndividualAllocation        = false                                  {pd product} {ergonomic}

Logging:
Log output configuration:
 #0: stdout all=warning uptime,level,tags foldmultilines=false
 #1: stderr all=off uptime,level,tags foldmultilines=false

Environment Variables:
PATH=C:\Python312\Scripts\;C:\Python312\;C:\Python311\Scripts\;C:\Python311\;C:\app\rene\product\21c\dbhomeXE\bin;C:\Program Files\Common Files\Oracle\Java\javapath;C:\Program Files (x86)\Common Files\Oracle\Java\java8path;C:\Program Files (x86)\Common Files\Oracle\Java\javapath;C:\WINDOWS\system32;C:\WINDOWS;C:\WINDOWS\System32\Wbem;C:\WINDOWS\System32\WindowsPowerShell\v1.0\;C:\WINDOWS\System32\OpenSSH\;C:\Program Files\Git\cmd;C:\xampp\php;C:\composer;C:\ProgramData\chocolatey\bin;C:\Program Files\dotnet\;C:\Program Files\php-8.1.25;C:\xampp\mysql\bin;C:\Users\rene\AppData\Roaming\nvm;C:\Program Files\nodejs;C:\Program Files (x86)\Microsoft SQL Server\160\Tools\Binn\;C:\Program Files\Microsoft SQL Server\160\Tools\Binn\;C:\Program Files\Microsoft SQL Server\Client SDK\ODBC\170\Tools\Binn\;C:\Program Files\Microsoft SQL Server\160\DTS\Binn\;C:\Program Files (x86)\Microsoft SQL Server\160\DTS\Binn\;C:\Program Files\nodejs\;C:\Users\rene\AppData\Roaming\Python\Python312\Scripts;C:\Users\rene\AppData\Local\Programs\Python\Python313\Scripts\;C:\Users\rene\AppData\Local\Programs\Python\Python313\;C:\Users\rene\AppData\Local\Microsoft\WindowsApps;C:\Program Files\JetBrains\IntelliJ IDEA 2023.2.1\bin;C:\Program Files\JetBrains\PyCharm 2023.2.1\bin;C:\Users\rene\AppData\Roaming\Composer\vendor\bin;C:\Users\rene\.dotnet\tools;C:\php;C:\Program Files\JetBrains\IntelliJ IDEA Community Edition 2023.3.2\bin;C:\Users\rene\AppData\Roaming\nvm;C:\Program Files\nodejs;C:\Program Files\JetBrains\PyCharm Community Edition 2023.3.5\bin;C:\Users\rene\AppData\Local\GitHubDesktop\bin;C:\Users\rene\AppData\Roaming\Programs\Zero Install;C:\Users\rene\AppData\Local\Programs\Python\Python312\Scripts;C:\Users\rene\AppData\Local\Programs\Microsoft VS Code\bin;C:\Users\rene\AppData\Local\Microsoft\WindowsApps;;C:\Program Files\JetBrains\IntelliJ IDEA 2024.3\bin;;C:\Users\rene\AppData\Roaming\npm;C:\Program Files\JetBrains\IntelliJ IDEA Community Edition 2025.1\bin;
USERNAME=rene
OS=Windows_NT
PROCESSOR_IDENTIFIER=Intel64 Family 6 Model 126 Stepping 5, GenuineIntel
TMP=C:\Users\rene\AppData\Local\Temp
TEMP=C:\Users\rene\AppData\Local\Temp




---------------  S Y S T E M  ---------------

OS:
 Windows 11 , 64 bit Build 26100 (10.0.26100.3912)
OS uptime: 1 days 22:44 hours

CPU: total 4 (initial active 4) (2 cores per cpu, 2 threads per core) family 6 model 126 stepping 5 microcode 0x86, cx8, cmov, fxsr, ht, mmx, 3dnowpref, sse, sse2, sse3, ssse3, sse4.1, sse4.2, popcnt, lzcnt, tsc, tscinvbit, avx, avx2, aes, erms, clmul, bmi1, bmi2, adx, avx512f, avx512dq, avx512cd, avx512bw, avx512vl, sha, fma, vzeroupper, avx512_vpopcntdq, avx512_vpclmulqdq, avx512_vaes, avx512_vnni, clflush, clflushopt, avx512_vbmi2, avx512_vbmi, rdtscp, rdpid, fsrm, gfni, avx512_bitalg, f16c, pku, avx512_ifma
Processor Information for all 4 processors :
  Max Mhz: 1190, Current Mhz: 1190, Mhz Limit: 1190

Memory: 4k page, system-wide physical 12030M (294M free)
TotalPageFile size 48894M (AvailPageFile size 0M)
current process WorkingSet (physical memory assigned to process): 79M, peak: 272M
current process commit charge ("private bytes"): 278M, peak: 328M

vm_info: Java HotSpot(TM) 64-Bit Server VM (21+35-LTS-2513) for windows-amd64 JRE (21+35-LTS-2513), built on 2023-08-09T20:25:10Z by "mach5one" with MS VC++ 17.1 (VS2022)

END.
